22:15:10.086 [main                     ] DEBUG Logger               - Configured Logger
22:15:10.092 [main                     ] DEBUG GameApplication      - Logging settings
Title: Basic Game App
Version: 0.0
Width: 800
Height: 600
Fullscreen: false
Intro: false
Profiling: false
Single step:false
App Mode: DEVELOPER
Menu Key: ESCAPE
Stage Style: DECORATED
Scene Factory: class com.almasb.fxgl.app.scene.SceneFactory

22:15:10.803 [JavaFX Application Thread] DEBUG FXGLApplication      - Initializing FXGL
22:15:10.805 [JavaFX Application Thread] INFO  Engine               - FXGL-21.1 (27.03.2024 07.52) on LINUX (J:25 FX:21.0.1)
22:15:10.805 [JavaFX Application Thread] DEBUG Engine               - JRE Vendor Name: Oracle Corporation
22:15:10.805 [JavaFX Application Thread] DEBUG Engine               - Running on OS: Linux version 6.6.87.2-microsoft-standard-WSL2
22:15:10.805 [JavaFX Application Thread] DEBUG Engine               - Architecture: amd64
22:15:10.805 [JavaFX Application Thread] INFO  Engine               - Source code and latest versions at: https://github.com/AlmasB/FXGL
22:15:10.805 [JavaFX Application Thread] INFO  Engine               -       Ask questions and discuss at: https://github.com/AlmasB/FXGL/discussions
22:15:10.805 [JavaFX Application Thread] INFO  Engine               -              Join the FXGL chat at: https://gitter.im/AlmasB/FXGL
22:15:10.894 [JavaFX Application Thread] DEBUG PrimaryStageWindow   - Creating a JavaFX scene
22:15:10.947 [JavaFX Application Thread] DEBUG PrimaryStageWindow   - Target settings size: 800.0 x 600.0
22:15:10.947 [JavaFX Application Thread] DEBUG PrimaryStageWindow   - Scaled scene size:    800.0 x 600.0
22:15:10.947 [JavaFX Application Thread] DEBUG PrimaryStageWindow   - Scaled ratio: (1.0, 1.0)
22:15:10.948 [JavaFX Application Thread] DEBUG PrimaryStageWindow   - Set initial scene to FXGLStartupScene
22:15:10.950 [JavaFX Application Thread] DEBUG PrimaryStageWindow   - Opening main window
22:15:10.998 [JavaFX Application Thread] DEBUG PrimaryStageWindow   - Window border size: (0.0, 35.0)
22:15:10.998 [JavaFX Application Thread] DEBUG PrimaryStageWindow   - Scaled size: 800.0 x 565.0
22:15:10.998 [JavaFX Application Thread] DEBUG PrimaryStageWindow   - Scaled ratio: (1.0, 0.9416666666666667)
22:15:10.998 [JavaFX Application Thread] DEBUG PrimaryStageWindow   - Scene size: 800.0 x 600.0
22:15:10.998 [JavaFX Application Thread] DEBUG PrimaryStageWindow   - Stage size: 800.0 x 600.0
22:15:11.003 [FXGL Background Thread 1 ] DEBUG Engine               - Initializing environment variables
22:15:11.043 [FXGL Background Thread 1 ] DEBUG FXGLAssetLoaderServi - User app class for loading assets: class com.testing.game.SimpleGameApp
22:15:11.043 [FXGL Background Thread 1 ] DEBUG GameApplicationServi - Applying CSS: fxgl_dark.css
22:15:11.044 [FXGL Background Thread 1 ] DEBUG FXGLAssetLoaderServi - Loading from file system: jar:file:/home/timtreiber/.m2/repository/com/github/almasb/fxgl/21.1/fxgl-21.1.jar!/fxglassets/ui/css/fxgl_dark.css
22:15:11.074 [FXGL Background Thread 1 ] DEBUG GameApplicationServi - Initializing application scenes
22:15:11.099 [FXGL Background Thread 1 ] DEBUG GameWorld            - Game world initialized
22:15:11.146 [FXGL Background Thread 1 ] DEBUG PhysicsWorld         - Physics world initialized: appHeight=600, physics.ppm=50.0
22:15:11.146 [FXGL Background Thread 1 ] DEBUG PhysicsWorld         - Using strategy: BRUTE_FORCE
22:15:11.149 [FXGL Background Thread 1 ] DEBUG GameScene            - Game scene initialized: 800x600
22:15:11.161 [FXGL Background Thread 1 ] DEBUG FXGL.DefaultMenu     - createMenuBodyGameMenu()
22:15:11.175 [FXGL Background Thread 1 ] DEBUG FXGL.DefaultMenu     - createOptionsMenu()
22:15:11.182 [FXGL Background Thread 1 ] DEBUG FXGLAssetLoaderServi - Loading from file system: jar:file:/home/timtreiber/.m2/repository/com/github/almasb/fxgl/21.1/fxgl-21.1.jar!/fxglassets/textures/particles/smoke.png
22:15:11.255 [FXGL Background Thread 1 ] DEBUG FXGLAssetLoaderServi - Loading from file system: jar:file:/home/timtreiber/.m2/repository/com/github/almasb/fxgl/21.1/fxgl-21.1.jar!/fxglassets/textures/particles/trace_horizontal.png
22:15:11.273 [FXGL Background Thread 1 ] DEBUG GameApplicationServi - Application scenes initialized
22:15:11.283 [FXGL Background Thread 1 ] DEBUG SystemBundleService  - Loading default FXGL system data
22:15:11.284 [FXGL Background Thread 1 ] DEBUG UpdaterService       - Checking for updates
22:15:11.286 [FXGL Background Thread 4 ] DEBUG FXGLApplication      - Loading fonts
22:15:11.286 [FXGL Background Thread 4 ] DEBUG FXGLAssetLoaderServi - Loading from file system: jar:file:/home/timtreiber/.m2/repository/com/github/almasb/fxgl/21.1/fxgl-21.1.jar!/fxglassets/ui/fonts/VarelaRound-Regular.ttf
22:15:11.286 [FXGL Background Thread 1 ] DEBUG FXGLApplication      - Loading default localization
22:15:11.286 [FXGL Background Thread 1 ] DEBUG FXGLAssetLoaderServi - Loading from file system: jar:file:/home/timtreiber/.m2/repository/com/github/almasb/fxgl/21.1/fxgl-21.1.jar!/fxglassets/languages/english.lang
22:15:11.294 [FXGL Background Thread 4 ] DEBUG FXGLAssetLoaderServi - Loading from file system: jar:file:/home/timtreiber/.m2/repository/com/github/almasb/fxgl/21.1/fxgl-21.1.jar!/fxglassets/ui/fonts/Abel-Regular.ttf
22:15:11.295 [FXGL Background Thread 4 ] DEBUG FXGLAssetLoaderServi - Loading from file system: jar:file:/home/timtreiber/.m2/repository/com/github/almasb/fxgl/21.1/fxgl-21.1.jar!/fxglassets/ui/fonts/TerminalLandMono-Regular.otf
22:15:11.296 [FXGL Background Thread 4 ] DEBUG FXGLAssetLoaderServi - Loading from file system: jar:file:/home/timtreiber/.m2/repository/com/github/almasb/fxgl/21.1/fxgl-21.1.jar!/fxglassets/ui/fonts/Courier-Prime.ttf
22:15:11.297 [FXGL Background Thread 1 ] INFO  FXGLApplication      - FXGL initialization took: 0.294 sec
22:15:11.297 [JavaFX Application Thread] DEBUG FXGLAssetLoaderServi - Loading from file system: jar:file:/home/timtreiber/.m2/repository/com/github/almasb/fxgl/21.1/fxgl-21.1.jar!/fxglassets/textures/fxgl_icon.png
22:15:11.310 [JavaFX Application Thread] DEBUG FXGLAssetLoaderServi - Loading from file system: jar:file:/home/timtreiber/.m2/repository/com/github/almasb/fxgl/21.1/fxgl-21.1.jar!/fxglassets/textures/fxgl_default_cursor.png
22:15:11.316 [JavaFX Application Thread] DEBUG Input                - Registered new binding: Screenshot - CTRL+8
22:15:11.316 [JavaFX Application Thread] DEBUG Input                - Registered new binding: System info dump - CTRL+9
22:15:11.316 [JavaFX Application Thread] DEBUG Input                - Registered new binding: Restart - CTRL+R
22:15:11.317 [JavaFX Application Thread] DEBUG Input                - Registered new binding: Toggle Debug Camera - CTRL+7
22:15:11.318 [JavaFX Application Thread] DEBUG LoopRunner           - Starting loop
22:15:11.318 [JavaFX Application Thread] DEBUG LoopRunner           - Initializing JavaFX AnimationTimerLoop
22:15:11.319 [JavaFX Application Thread] DEBUG GameApplicationServi - Starting new game
22:15:11.319 [JavaFX Application Thread] DEBUG Input                - Clearing active input actions
22:15:11.326 [JavaFX Application Thread] DEBUG GameApplicationServi - Removing overlay from FXGLStartupScene and adding to FXGLLoadingScene
22:15:11.326 [JavaFX Application Thread] DEBUG PrimaryStageWindow   - FXGLStartupScene -> FXGLLoadingScene
22:15:11.326 [JavaFX Application Thread] DEBUG GameApplicationServi - Clearing previous game
22:15:11.327 [JavaFX Application Thread] DEBUG GameScene            - Clearing game scene
22:15:11.327 [JavaFX Application Thread] DEBUG GameWorld            - Clearing game world
22:15:11.327 [JavaFX Application Thread] DEBUG PhysicsWorld         - Clearing physics world
22:15:11.328 [FXGL Background Thread 4 ] DEBUG FXGLApplication      - Initializing game
22:15:11.329 [JavaFX Application Thread] DEBUG FXGLApplication      - Registering font factories with UI factory
22:15:11.329 [FXGL Background Thread 4 ] INFO  FXGLApplication      - Game initialization took: 0.001 sec
22:15:11.405 [JavaFX Application Thread] DEBUG Input                - Clearing active input actions
22:15:11.409 [JavaFX Application Thread] DEBUG GameApplicationServi - Removing overlay from FXGLLoadingScene and adding to GameScene
22:15:11.410 [JavaFX Application Thread] DEBUG PrimaryStageWindow   - FXGLLoadingScene -> GameScene
22:15:14.286 [FXGL Background Thread 3 ] DEBUG Engine               - Logging environment variables
22:15:14.286 [FXGL Background Thread 3 ] DEBUG Engine               - achievements: []
22:15:14.286 [FXGL Background Thread 3 ] DEBUG Engine               - actualHeight: 565.0
22:15:14.287 [FXGL Background Thread 3 ] DEBUG Engine               - actualHeightProperty: ReadOnlyDoubleProperty [value: 662.0]
22:15:14.287 [FXGL Background Thread 3 ] DEBUG Engine               - actualWidth: 800.0
22:15:14.287 [FXGL Background Thread 3 ] DEBUG Engine               - actualWidthProperty: ReadOnlyDoubleProperty [value: 876.0]
22:15:14.287 [FXGL Background Thread 3 ] DEBUG Engine               - appIcon: fxgl_icon.png
22:15:14.287 [FXGL Background Thread 3 ] DEBUG Engine               - applicationMode: DEVELOPER
22:15:14.287 [FXGL Background Thread 3 ] DEBUG Engine               - cSSList: [fxgl_dark.css]
22:15:14.287 [FXGL Background Thread 3 ] DEBUG Engine               - collisionDetectionStrategy: BRUTE_FORCE
22:15:14.287 [FXGL Background Thread 3 ] DEBUG Engine               - configClass: Optional.empty
22:15:14.287 [FXGL Background Thread 3 ] DEBUG Engine               - credits: []
22:15:14.287 [FXGL Background Thread 3 ] DEBUG Engine               - defaultCursor: CursorInfo(imageName=fxgl_default_cursor.png, hotspotX=7.0, hotspotY=6.0)
22:15:14.287 [FXGL Background Thread 3 ] DEBUG Engine               - devBBoxColorProperty: ObjectProperty [value: 0xff0000ff]
22:15:14.287 [FXGL Background Thread 3 ] DEBUG Engine               - devEnableDebugCameraProperty: BooleanProperty [value: false]
22:15:14.287 [FXGL Background Thread 3 ] DEBUG Engine               - devSensorColorProperty: ObjectProperty [value: 0xffff00ff]
22:15:14.287 [FXGL Background Thread 3 ] DEBUG Engine               - devShowBBoxProperty: BooleanProperty [value: false]
22:15:14.287 [FXGL Background Thread 3 ] DEBUG Engine               - devShowPositionProperty: BooleanProperty [value: false]
22:15:14.287 [FXGL Background Thread 3 ] DEBUG Engine               - enabledMenuItems: []
22:15:14.287 [FXGL Background Thread 3 ] DEBUG Engine               - engineServices: [class com.almasb.fxgl.app.services.FXGLAssetLoaderService, class com.almasb.fxgl.app.FXGLApplication$GameApplicationService, class com.almasb.fxgl.app.services.FXGLDialogService, class com.almasb.fxgl.app.services.IOTaskExecutorService, class com.almasb.fxgl.io.FileSystemService, class com.almasb.fxgl.localization.LocalizationService, class com.almasb.fxgl.app.services.SystemBundleService, class com.almasb.fxgl.profile.SaveLoadService, class com.almasb.fxgl.ui.FXGLUIFactoryServiceProvider, class com.almasb.fxgl.ui.FXGLDialogFactoryServiceProvider, class com.almasb.fxgl.audio.AudioPlayer, class com.almasb.fxgl.notification.impl.NotificationServiceProvider, class com.almasb.fxgl.achievement.AchievementService, class com.almasb.fxgl.cutscene.CutsceneService, class com.almasb.fxgl.minigames.MiniGameService, class com.almasb.fxgl.net.NetService, class com.almasb.fxgl.app.services.UpdaterService, class com.almasb.fxgl.dev.DevService]
22:15:14.287 [FXGL Background Thread 3 ] DEBUG Engine               - fontGame: Abel-Regular.ttf
22:15:14.288 [FXGL Background Thread 3 ] DEBUG Engine               - fontMono: TerminalLandMono-Regular.otf
22:15:14.288 [FXGL Background Thread 3 ] DEBUG Engine               - fontSizeScaleUI: 1.0
22:15:14.288 [FXGL Background Thread 3 ] DEBUG Engine               - fontText: Courier-Prime.ttf
22:15:14.288 [FXGL Background Thread 3 ] DEBUG Engine               - fontUI: VarelaRound-Regular.ttf
22:15:14.288 [FXGL Background Thread 3 ] DEBUG Engine               - fullScreen: BooleanProperty [value: false]
22:15:14.288 [FXGL Background Thread 3 ] DEBUG Engine               - gameDifficulty: MEDIUM
22:15:14.288 [FXGL Background Thread 3 ] DEBUG Engine               - gameDifficultyProperty: ObjectProperty [value: MEDIUM]
22:15:14.288 [FXGL Background Thread 3 ] DEBUG Engine               - globalMusicVolume: 0.5
22:15:14.288 [FXGL Background Thread 3 ] DEBUG Engine               - globalMusicVolumeProperty: DoubleProperty [value: 0.5]
22:15:14.288 [FXGL Background Thread 3 ] DEBUG Engine               - globalSoundVolume: 0.5
22:15:14.288 [FXGL Background Thread 3 ] DEBUG Engine               - globalSoundVolumeProperty: DoubleProperty [value: 0.5]
22:15:14.288 [FXGL Background Thread 3 ] DEBUG Engine               - height: 600
22:15:14.288 [FXGL Background Thread 3 ] DEBUG Engine               - is3D: false
22:15:14.288 [FXGL Background Thread 3 ] DEBUG Engine               - isAndroid: false
22:15:14.288 [FXGL Background Thread 3 ] DEBUG Engine               - isBrowser: false
22:15:14.288 [FXGL Background Thread 3 ] DEBUG Engine               - isClickFeedbackEnabled: false
22:15:14.288 [FXGL Background Thread 3 ] DEBUG Engine               - isCloseConfirmation: false
22:15:14.288 [FXGL Background Thread 3 ] DEBUG Engine               - isDesktop: true
22:15:14.288 [FXGL Background Thread 3 ] DEBUG Engine               - isDeveloperMenuEnabled: false
22:15:14.288 [FXGL Background Thread 3 ] DEBUG Engine               - isEmbedded: false
22:15:14.288 [FXGL Background Thread 3 ] DEBUG Engine               - isEntityPreloadEnabled: true
22:15:14.288 [FXGL Background Thread 3 ] DEBUG Engine               - isExperimentalTiledLargeMap: false
22:15:14.288 [FXGL Background Thread 3 ] DEBUG Engine               - isFileSystemWriteAllowed: true
22:15:14.288 [FXGL Background Thread 3 ] DEBUG Engine               - isFullScreenAllowed: false
22:15:14.288 [FXGL Background Thread 3 ] DEBUG Engine               - isFullScreenFromStart: false
22:15:14.288 [FXGL Background Thread 3 ] DEBUG Engine               - isGameMenuEnabled: true
22:15:14.288 [FXGL Background Thread 3 ] DEBUG Engine               - isIOS: false
22:15:14.288 [FXGL Background Thread 3 ] DEBUG Engine               - isIntroEnabled: false
22:15:14.288 [FXGL Background Thread 3 ] DEBUG Engine               - isLinux: true
22:15:14.288 [FXGL Background Thread 3 ] DEBUG Engine               - isMac: false
22:15:14.288 [FXGL Background Thread 3 ] DEBUG Engine               - isMainMenuEnabled: false
22:15:14.288 [FXGL Background Thread 3 ] DEBUG Engine               - isManualResizeEnabled: false
22:15:14.288 [FXGL Background Thread 3 ] DEBUG Engine               - isMobile: false
22:15:14.288 [FXGL Background Thread 3 ] DEBUG Engine               - isNative: false
22:15:14.288 [FXGL Background Thread 3 ] DEBUG Engine               - isPauseMusicWhenMinimized: true
22:15:14.288 [FXGL Background Thread 3 ] DEBUG Engine               - isPreserveResizeRatio: false
22:15:14.288 [FXGL Background Thread 3 ] DEBUG Engine               - isProfilingEnabled: false
22:15:14.288 [FXGL Background Thread 3 ] DEBUG Engine               - isScaleAffectedOnResize: true
22:15:14.288 [FXGL Background Thread 3 ] DEBUG Engine               - isSingleStep: false
22:15:14.288 [FXGL Background Thread 3 ] DEBUG Engine               - isUserProfileEnabled: false
22:15:14.288 [FXGL Background Thread 3 ] DEBUG Engine               - isWindows: false
22:15:14.289 [FXGL Background Thread 3 ] DEBUG Engine               - language: ObjectProperty [value: ENGLISH]
22:15:14.289 [FXGL Background Thread 3 ] DEBUG Engine               - menuKey: ESCAPE
22:15:14.289 [FXGL Background Thread 3 ] DEBUG Engine               - mouseSensitivity: 0.2
22:15:14.289 [FXGL Background Thread 3 ] DEBUG Engine               - notificationViewClass: class com.almasb.fxgl.notification.view.XboxNotificationView
22:15:14.289 [FXGL Background Thread 3 ] DEBUG Engine               - pixelsPerMeter: 50.0
22:15:14.289 [FXGL Background Thread 3 ] DEBUG Engine               - platform: LINUX
22:15:14.289 [FXGL Background Thread 3 ] DEBUG Engine               - prefHeightProperty: ReadOnlyDoubleProperty [value: 600.0]
22:15:14.289 [FXGL Background Thread 3 ] DEBUG Engine               - prefWidthProperty: ReadOnlyDoubleProperty [value: 800.0]
22:15:14.289 [FXGL Background Thread 3 ] DEBUG Engine               - profileDir: profiles/
22:15:14.289 [FXGL Background Thread 3 ] DEBUG Engine               - profileName: StringProperty [value: DEFAULT]
22:15:14.289 [FXGL Background Thread 3 ] DEBUG Engine               - randomSeed: -1
22:15:14.289 [FXGL Background Thread 3 ] DEBUG Engine               - runtimeInfo: RuntimeInfo(platform=LINUX, version=21.1, build=27.03.2024 07.52)
22:15:14.289 [FXGL Background Thread 3 ] DEBUG Engine               - saveFileExt: sav
22:15:14.289 [FXGL Background Thread 3 ] DEBUG Engine               - scaledHeightProp$fxgl: DoubleProperty [bound, value: 662.0]
22:15:14.289 [FXGL Background Thread 3 ] DEBUG Engine               - scaledWidthProp$fxgl: DoubleProperty [bound, value: 876.0]
22:15:14.289 [FXGL Background Thread 3 ] DEBUG Engine               - sceneFactory: com.almasb.fxgl.app.scene.SceneFactory@58ac4336
22:15:14.289 [FXGL Background Thread 3 ] DEBUG Engine               - secondsIn24h: 60
22:15:14.289 [FXGL Background Thread 3 ] DEBUG Engine               - soundMenuBack: menu/back.wav
22:15:14.289 [FXGL Background Thread 3 ] DEBUG Engine               - soundMenuPress: menu/press.wav
22:15:14.289 [FXGL Background Thread 3 ] DEBUG Engine               - soundMenuSelect: menu/select.wav
22:15:14.289 [FXGL Background Thread 3 ] DEBUG Engine               - soundNotification: core/notification.wav
22:15:14.289 [FXGL Background Thread 3 ] DEBUG Engine               - stageStyle: DECORATED
22:15:14.289 [FXGL Background Thread 3 ] DEBUG Engine               - supportedLanguages: [ENGLISH, FRENCH, GERMAN, HUNGARIAN, RUSSIAN]
22:15:14.289 [FXGL Background Thread 3 ] DEBUG Engine               - ticksPerSecond: -1
22:15:14.289 [FXGL Background Thread 3 ] DEBUG Engine               - title: Basic Game App
22:15:14.289 [FXGL Background Thread 3 ] DEBUG Engine               - urlGithub: https://github.com/AlmasB/FXGL
22:15:14.289 [FXGL Background Thread 3 ] DEBUG Engine               - urlLeaderboard: http://fxgl-top.herokuapp.com/
22:15:14.289 [FXGL Background Thread 3 ] DEBUG Engine               - urlPOM: https://raw.githubusercontent.com/AlmasB/FXGL/release/README.md
22:15:14.289 [FXGL Background Thread 3 ] DEBUG Engine               - userAppClass: class com.testing.game.SimpleGameApp
22:15:14.289 [FXGL Background Thread 3 ] DEBUG Engine               - version: 0.0
22:15:14.289 [FXGL Background Thread 3 ] DEBUG Engine               - versionCheckDays: 7
22:15:14.289 [FXGL Background Thread 3 ] DEBUG Engine               - width: 800
22:15:14.289 [FXGL Background Thread 3 ] DEBUG Engine               - Logging services
22:15:14.289 [FXGL Background Thread 3 ] DEBUG Engine               - class com.almasb.fxgl.app.services.FXGLAssetLoaderService
22:15:14.289 [FXGL Background Thread 3 ] DEBUG Engine               - class com.almasb.fxgl.app.FXGLApplication$GameApplicationService
22:15:14.289 [FXGL Background Thread 3 ] DEBUG Engine               - class com.almasb.fxgl.app.services.FXGLDialogService
22:15:14.289 [FXGL Background Thread 3 ] DEBUG Engine               - class com.almasb.fxgl.app.services.IOTaskExecutorService
22:15:14.289 [FXGL Background Thread 3 ] DEBUG Engine               - class com.almasb.fxgl.io.FileSystemService
22:15:14.289 [FXGL Background Thread 3 ] DEBUG Engine               - class com.almasb.fxgl.localization.LocalizationService
22:15:14.289 [FXGL Background Thread 3 ] DEBUG Engine               - class com.almasb.fxgl.app.services.SystemBundleService
22:15:14.289 [FXGL Background Thread 3 ] DEBUG Engine               - class com.almasb.fxgl.profile.SaveLoadService
22:15:14.289 [FXGL Background Thread 3 ] DEBUG Engine               - class com.almasb.fxgl.ui.FXGLUIFactoryServiceProvider
22:15:14.289 [FXGL Background Thread 3 ] DEBUG Engine               - class com.almasb.fxgl.ui.FXGLDialogFactoryServiceProvider
22:15:14.289 [FXGL Background Thread 3 ] DEBUG Engine               - class com.almasb.fxgl.audio.AudioPlayer
22:15:14.289 [FXGL Background Thread 3 ] DEBUG Engine               - class com.almasb.fxgl.notification.impl.NotificationServiceProvider
22:15:14.290 [FXGL Background Thread 3 ] DEBUG Engine               - class com.almasb.fxgl.achievement.AchievementService
22:15:14.290 [FXGL Background Thread 3 ] DEBUG Engine               - class com.almasb.fxgl.cutscene.CutsceneService
22:15:14.290 [FXGL Background Thread 3 ] DEBUG Engine               - class com.almasb.fxgl.minigames.MiniGameService
22:15:14.290 [FXGL Background Thread 3 ] DEBUG Engine               - class com.almasb.fxgl.net.NetService
22:15:14.290 [FXGL Background Thread 3 ] DEBUG Engine               - class com.almasb.fxgl.app.services.UpdaterService
22:15:14.290 [FXGL Background Thread 3 ] DEBUG Engine               - class com.almasb.fxgl.dev.DevService
22:15:21.492 [JavaFX Application Thread] DEBUG FXGLApplication      - Exiting FXGL
22:15:21.493 [JavaFX Application Thread] DEBUG LoopRunner           - Stopping loop
22:15:21.493 [JavaFX Application Thread] DEBUG SystemBundleService  - Saving FXGL system data
22:15:21.494 [JavaFX Application Thread] DEBUG FileSystemAccess     - Writing to: /home/timtreiber/GitHub/introductionfxgl/system/fxgl.bundle
22:15:21.498 [JavaFX Application Thread] DEBUG Async                - Shutting down background threads
22:15:21.499 [JavaFX Application Thread] DEBUG PrimaryStageWindow   - Closing main window
22:15:21.500 [JavaFX Application Thread] DEBUG Logger               - Closing Logger
