22:16:00.421 [main                     ] DEBUG Logger               - Configured Logger
22:16:00.427 [main                     ] DEBUG GameApplication      - Logging settings
Title: Basic Game App
Version: 0.0
Width: 800
Height: 600
Fullscreen: false
Intro: false
Profiling: false
Single step:false
App Mode: DEVELOPER
Menu Key: ESCAPE
Stage Style: DECORATED
Scene Factory: class com.almasb.fxgl.app.scene.SceneFactory

22:16:00.685 [JavaFX Application Thread] DEBUG FXGLApplication      - Initializing FXGL
22:16:00.687 [JavaFX Application Thread] INFO  Engine               - FXGL-21.1 (27.03.2024 07.52) on LINUX (J:25 FX:21.0.1)
22:16:00.688 [JavaFX Application Thread] DEBUG Engine               - JRE Vendor Name: Oracle Corporation
22:16:00.688 [JavaFX Application Thread] DEBUG Engine               - Running on OS: Linux version 6.6.87.2-microsoft-standard-WSL2
22:16:00.688 [JavaFX Application Thread] DEBUG Engine               - Architecture: amd64
22:16:00.688 [JavaFX Application Thread] INFO  Engine               - Source code and latest versions at: https://github.com/AlmasB/FXGL
22:16:00.688 [JavaFX Application Thread] INFO  Engine               -       Ask questions and discuss at: https://github.com/AlmasB/FXGL/discussions
22:16:00.688 [JavaFX Application Thread] INFO  Engine               -              Join the FXGL chat at: https://gitter.im/AlmasB/FXGL
22:16:00.751 [JavaFX Application Thread] DEBUG PrimaryStageWindow   - Creating a JavaFX scene
22:16:00.785 [JavaFX Application Thread] DEBUG PrimaryStageWindow   - Target settings size: 800.0 x 600.0
22:16:00.786 [JavaFX Application Thread] DEBUG PrimaryStageWindow   - Scaled scene size:    800.0 x 600.0
22:16:00.786 [JavaFX Application Thread] DEBUG PrimaryStageWindow   - Scaled ratio: (1.0, 1.0)
22:16:00.786 [JavaFX Application Thread] DEBUG PrimaryStageWindow   - Set initial scene to FXGLStartupScene
22:16:00.789 [JavaFX Application Thread] DEBUG PrimaryStageWindow   - Opening main window
22:16:00.826 [JavaFX Application Thread] DEBUG PrimaryStageWindow   - Window border size: (0.0, 35.0)
22:16:00.826 [JavaFX Application Thread] DEBUG PrimaryStageWindow   - Scaled size: 800.0 x 565.0
22:16:00.826 [JavaFX Application Thread] DEBUG PrimaryStageWindow   - Scaled ratio: (1.0, 0.9416666666666667)
22:16:00.826 [JavaFX Application Thread] DEBUG PrimaryStageWindow   - Scene size: 800.0 x 600.0
22:16:00.826 [JavaFX Application Thread] DEBUG PrimaryStageWindow   - Stage size: 800.0 x 600.0
22:16:00.831 [FXGL Background Thread 1 ] DEBUG Engine               - Initializing environment variables
22:16:00.873 [FXGL Background Thread 1 ] DEBUG FXGLAssetLoaderServi - User app class for loading assets: class com.testing.game.SimpleGameApp
22:16:00.873 [FXGL Background Thread 1 ] DEBUG GameApplicationServi - Applying CSS: fxgl_dark.css
22:16:00.874 [FXGL Background Thread 1 ] DEBUG FXGLAssetLoaderServi - Loading from file system: jar:file:/home/timtreiber/.m2/repository/com/github/almasb/fxgl/21.1/fxgl-21.1.jar!/fxglassets/ui/css/fxgl_dark.css
22:16:00.911 [FXGL Background Thread 1 ] DEBUG GameApplicationServi - Initializing application scenes
22:16:00.931 [FXGL Background Thread 1 ] DEBUG GameWorld            - Game world initialized
22:16:00.962 [FXGL Background Thread 1 ] DEBUG PhysicsWorld         - Physics world initialized: appHeight=600, physics.ppm=50.0
22:16:00.962 [FXGL Background Thread 1 ] DEBUG PhysicsWorld         - Using strategy: BRUTE_FORCE
22:16:00.965 [FXGL Background Thread 1 ] DEBUG GameScene            - Game scene initialized: 800x600
22:16:00.973 [FXGL Background Thread 1 ] DEBUG FXGL.DefaultMenu     - createMenuBodyGameMenu()
22:16:00.983 [FXGL Background Thread 1 ] DEBUG FXGL.DefaultMenu     - createOptionsMenu()
22:16:00.990 [FXGL Background Thread 1 ] DEBUG FXGLAssetLoaderServi - Loading from file system: jar:file:/home/timtreiber/.m2/repository/com/github/almasb/fxgl/21.1/fxgl-21.1.jar!/fxglassets/textures/particles/smoke.png
22:16:01.050 [FXGL Background Thread 1 ] DEBUG FXGLAssetLoaderServi - Loading from file system: jar:file:/home/timtreiber/.m2/repository/com/github/almasb/fxgl/21.1/fxgl-21.1.jar!/fxglassets/textures/particles/trace_horizontal.png
22:16:01.073 [FXGL Background Thread 1 ] DEBUG GameApplicationServi - Application scenes initialized
22:16:01.083 [FXGL Background Thread 1 ] DEBUG SystemBundleService  - Loading FXGL system data
22:16:01.086 [FXGL Background Thread 1 ] DEBUG FileSystemAccess     - Reading from: /home/timtreiber/GitHub/introductionfxgl/system/fxgl.bundle
22:16:01.092 [FXGL Background Thread 1 ] DEBUG SystemBundleService  - Bundle FXGL: {}
22:16:01.092 [FXGL Background Thread 1 ] DEBUG UpdaterService       - Checking for updates
22:16:01.095 [FXGL Background Thread 4 ] DEBUG FXGLApplication      - Loading fonts
22:16:01.096 [FXGL Background Thread 4 ] DEBUG FXGLAssetLoaderServi - Loading from file system: jar:file:/home/timtreiber/.m2/repository/com/github/almasb/fxgl/21.1/fxgl-21.1.jar!/fxglassets/ui/fonts/VarelaRound-Regular.ttf
22:16:01.096 [FXGL Background Thread 1 ] DEBUG FXGLApplication      - Loading default localization
22:16:01.096 [FXGL Background Thread 1 ] DEBUG FXGLAssetLoaderServi - Loading from file system: jar:file:/home/timtreiber/.m2/repository/com/github/almasb/fxgl/21.1/fxgl-21.1.jar!/fxglassets/languages/english.lang
22:16:01.101 [FXGL Background Thread 4 ] DEBUG FXGLAssetLoaderServi - Loading from file system: jar:file:/home/timtreiber/.m2/repository/com/github/almasb/fxgl/21.1/fxgl-21.1.jar!/fxglassets/ui/fonts/Abel-Regular.ttf
22:16:01.102 [FXGL Background Thread 4 ] DEBUG FXGLAssetLoaderServi - Loading from file system: jar:file:/home/timtreiber/.m2/repository/com/github/almasb/fxgl/21.1/fxgl-21.1.jar!/fxglassets/ui/fonts/TerminalLandMono-Regular.otf
22:16:01.103 [FXGL Background Thread 4 ] DEBUG FXGLAssetLoaderServi - Loading from file system: jar:file:/home/timtreiber/.m2/repository/com/github/almasb/fxgl/21.1/fxgl-21.1.jar!/fxglassets/ui/fonts/Courier-Prime.ttf
22:16:01.105 [JavaFX Application Thread] DEBUG FXGLApplication      - Registering font factories with UI factory
22:16:01.108 [FXGL Background Thread 1 ] INFO  FXGLApplication      - FXGL initialization took: 0.277 sec
22:16:01.108 [JavaFX Application Thread] DEBUG FXGLAssetLoaderServi - Loading from file system: jar:file:/home/timtreiber/.m2/repository/com/github/almasb/fxgl/21.1/fxgl-21.1.jar!/fxglassets/textures/fxgl_icon.png
22:16:01.122 [JavaFX Application Thread] DEBUG FXGLAssetLoaderServi - Loading from file system: jar:file:/home/timtreiber/.m2/repository/com/github/almasb/fxgl/21.1/fxgl-21.1.jar!/fxglassets/textures/fxgl_default_cursor.png
22:16:01.128 [JavaFX Application Thread] DEBUG Input                - Registered new binding: Screenshot - CTRL+8
22:16:01.129 [JavaFX Application Thread] DEBUG Input                - Registered new binding: System info dump - CTRL+9
22:16:01.129 [JavaFX Application Thread] DEBUG Input                - Registered new binding: Restart - CTRL+R
22:16:01.129 [JavaFX Application Thread] DEBUG Input                - Registered new binding: Toggle Debug Camera - CTRL+7
22:16:01.131 [JavaFX Application Thread] DEBUG LoopRunner           - Starting loop
22:16:01.131 [JavaFX Application Thread] DEBUG LoopRunner           - Initializing JavaFX AnimationTimerLoop
22:16:01.131 [JavaFX Application Thread] DEBUG GameApplicationServi - Starting new game
22:16:01.132 [JavaFX Application Thread] DEBUG Input                - Clearing active input actions
22:16:01.138 [JavaFX Application Thread] DEBUG GameApplicationServi - Removing overlay from FXGLStartupScene and adding to FXGLLoadingScene
22:16:01.138 [JavaFX Application Thread] DEBUG PrimaryStageWindow   - FXGLStartupScene -> FXGLLoadingScene
22:16:01.138 [JavaFX Application Thread] DEBUG GameApplicationServi - Clearing previous game
22:16:01.138 [JavaFX Application Thread] DEBUG GameScene            - Clearing game scene
22:16:01.139 [JavaFX Application Thread] DEBUG GameWorld            - Clearing game world
22:16:01.139 [JavaFX Application Thread] DEBUG PhysicsWorld         - Clearing physics world
22:16:01.140 [FXGL Background Thread 1 ] DEBUG FXGLApplication      - Initializing game
22:16:01.141 [FXGL Background Thread 1 ] INFO  FXGLApplication      - Game initialization took: 0.001 sec
22:16:01.174 [JavaFX Application Thread] DEBUG Input                - Clearing active input actions
22:16:01.184 [JavaFX Application Thread] DEBUG GameApplicationServi - Removing overlay from FXGLLoadingScene and adding to GameScene
22:16:01.185 [JavaFX Application Thread] DEBUG PrimaryStageWindow   - FXGLLoadingScene -> GameScene
22:16:03.282 [JavaFX Application Thread] DEBUG FXGLApplication      - Exiting FXGL
22:16:03.282 [JavaFX Application Thread] DEBUG LoopRunner           - Stopping loop
22:16:03.282 [JavaFX Application Thread] DEBUG SystemBundleService  - Saving FXGL system data
22:16:03.283 [JavaFX Application Thread] DEBUG FileSystemAccess     - Writing to: /home/timtreiber/GitHub/introductionfxgl/system/fxgl.bundle
22:16:03.284 [JavaFX Application Thread] DEBUG Async                - Shutting down background threads
22:16:03.285 [JavaFX Application Thread] DEBUG PrimaryStageWindow   - Closing main window
22:16:03.286 [JavaFX Application Thread] DEBUG Logger               - Closing Logger
