22:25:19.173 [main                     ] DEBUG Logger               - Configured Logger
22:25:19.179 [main                     ] DEBUG GameApplication      - Logging settings
Title: Basic Game App
Version: 0.0
Width: 800
Height: 600
Fullscreen: false
Intro: false
Profiling: false
Single step:false
App Mode: DEVELOPER
Menu Key: ESCAPE
Stage Style: DECORATED
Scene Factory: class com.almasb.fxgl.app.scene.SceneFactory

22:25:19.743 [JavaFX Application Thread] DEBUG FXGLApplication      - Initializing FXGL
22:25:19.745 [JavaFX Application Thread] INFO  Engine               - FXGL-21.1 (27.03.2024 07.52) on LINUX (J:25 FX:21.0.1)
22:25:19.745 [JavaFX Application Thread] DEBUG Engine               - JRE Vendor Name: Oracle Corporation
22:25:19.745 [JavaFX Application Thread] DEBUG Engine               - Running on OS: Linux version 6.6.87.2-microsoft-standard-WSL2
22:25:19.745 [JavaFX Application Thread] DEBUG Engine               - Architecture: amd64
22:25:19.746 [JavaFX Application Thread] INFO  Engine               - Source code and latest versions at: https://github.com/AlmasB/FXGL
22:25:19.746 [JavaFX Application Thread] INFO  Engine               -       Ask questions and discuss at: https://github.com/AlmasB/FXGL/discussions
22:25:19.746 [JavaFX Application Thread] INFO  Engine               -              Join the FXGL chat at: https://gitter.im/AlmasB/FXGL
22:25:19.832 [JavaFX Application Thread] DEBUG PrimaryStageWindow   - Creating a JavaFX scene
22:25:19.880 [JavaFX Application Thread] DEBUG PrimaryStageWindow   - Target settings size: 800.0 x 600.0
22:25:19.880 [JavaFX Application Thread] DEBUG PrimaryStageWindow   - Scaled scene size:    800.0 x 600.0
22:25:19.880 [JavaFX Application Thread] DEBUG PrimaryStageWindow   - Scaled ratio: (1.0, 1.0)
22:25:19.881 [JavaFX Application Thread] DEBUG PrimaryStageWindow   - Set initial scene to FXGLStartupScene
22:25:19.883 [JavaFX Application Thread] DEBUG PrimaryStageWindow   - Opening main window
22:25:19.930 [JavaFX Application Thread] DEBUG PrimaryStageWindow   - Window border size: (0.0, 35.0)
22:25:19.930 [JavaFX Application Thread] DEBUG PrimaryStageWindow   - Scaled size: 800.0 x 565.0
22:25:19.930 [JavaFX Application Thread] DEBUG PrimaryStageWindow   - Scaled ratio: (1.0, 0.9416666666666667)
22:25:19.930 [JavaFX Application Thread] DEBUG PrimaryStageWindow   - Scene size: 800.0 x 600.0
22:25:19.930 [JavaFX Application Thread] DEBUG PrimaryStageWindow   - Stage size: 800.0 x 600.0
22:25:19.935 [FXGL Background Thread 1 ] DEBUG Engine               - Initializing environment variables
22:25:19.982 [FXGL Background Thread 1 ] DEBUG FXGLAssetLoaderServi - User app class for loading assets: class com.testing.game.SimpleGameApp
22:25:19.983 [FXGL Background Thread 1 ] DEBUG GameApplicationServi - Applying CSS: fxgl_dark.css
22:25:19.983 [FXGL Background Thread 1 ] DEBUG FXGLAssetLoaderServi - Loading from file system: jar:file:/home/timtreiber/.m2/repository/com/github/almasb/fxgl/21.1/fxgl-21.1.jar!/fxglassets/ui/css/fxgl_dark.css
22:25:20.024 [FXGL Background Thread 1 ] DEBUG GameApplicationServi - Initializing application scenes
22:25:20.057 [FXGL Background Thread 1 ] DEBUG GameWorld            - Game world initialized
22:25:20.091 [FXGL Background Thread 1 ] DEBUG PhysicsWorld         - Physics world initialized: appHeight=600, physics.ppm=50.0
22:25:20.091 [FXGL Background Thread 1 ] DEBUG PhysicsWorld         - Using strategy: BRUTE_FORCE
22:25:20.095 [FXGL Background Thread 1 ] DEBUG GameScene            - Game scene initialized: 800x600
22:25:20.104 [FXGL Background Thread 1 ] DEBUG FXGL.DefaultMenu     - createMenuBodyGameMenu()
22:25:20.121 [FXGL Background Thread 1 ] DEBUG FXGL.DefaultMenu     - createOptionsMenu()
22:25:20.132 [FXGL Background Thread 1 ] DEBUG FXGLAssetLoaderServi - Loading from file system: jar:file:/home/timtreiber/.m2/repository/com/github/almasb/fxgl/21.1/fxgl-21.1.jar!/fxglassets/textures/particles/smoke.png
22:25:20.208 [FXGL Background Thread 1 ] DEBUG FXGLAssetLoaderServi - Loading from file system: jar:file:/home/timtreiber/.m2/repository/com/github/almasb/fxgl/21.1/fxgl-21.1.jar!/fxglassets/textures/particles/trace_horizontal.png
22:25:20.225 [FXGL Background Thread 1 ] DEBUG GameApplicationServi - Application scenes initialized
22:25:20.232 [FXGL Background Thread 1 ] DEBUG SystemBundleService  - Loading FXGL system data
22:25:20.235 [FXGL Background Thread 1 ] DEBUG FileSystemAccess     - Reading from: /home/timtreiber/GitHub/introductionfxgl/system/fxgl.bundle
22:25:20.241 [FXGL Background Thread 1 ] DEBUG SystemBundleService  - Bundle FXGL: {}
22:25:20.241 [FXGL Background Thread 1 ] DEBUG UpdaterService       - Checking for updates
22:25:20.244 [FXGL Background Thread 4 ] DEBUG FXGLApplication      - Loading fonts
22:25:20.244 [FXGL Background Thread 4 ] DEBUG FXGLAssetLoaderServi - Loading from file system: jar:file:/home/timtreiber/.m2/repository/com/github/almasb/fxgl/21.1/fxgl-21.1.jar!/fxglassets/ui/fonts/VarelaRound-Regular.ttf
22:25:20.245 [FXGL Background Thread 1 ] DEBUG FXGLApplication      - Loading default localization
22:25:20.246 [FXGL Background Thread 1 ] DEBUG FXGLAssetLoaderServi - Loading from file system: jar:file:/home/timtreiber/.m2/repository/com/github/almasb/fxgl/21.1/fxgl-21.1.jar!/fxglassets/languages/english.lang
22:25:20.249 [FXGL Background Thread 4 ] DEBUG FXGLAssetLoaderServi - Loading from file system: jar:file:/home/timtreiber/.m2/repository/com/github/almasb/fxgl/21.1/fxgl-21.1.jar!/fxglassets/ui/fonts/Abel-Regular.ttf
22:25:20.251 [FXGL Background Thread 4 ] DEBUG FXGLAssetLoaderServi - Loading from file system: jar:file:/home/timtreiber/.m2/repository/com/github/almasb/fxgl/21.1/fxgl-21.1.jar!/fxglassets/ui/fonts/TerminalLandMono-Regular.otf
22:25:20.253 [FXGL Background Thread 4 ] DEBUG FXGLAssetLoaderServi - Loading from file system: jar:file:/home/timtreiber/.m2/repository/com/github/almasb/fxgl/21.1/fxgl-21.1.jar!/fxglassets/ui/fonts/Courier-Prime.ttf
22:25:20.256 [JavaFX Application Thread] DEBUG FXGLApplication      - Registering font factories with UI factory
22:25:20.260 [FXGL Background Thread 1 ] INFO  FXGLApplication      - FXGL initialization took: 0.325 sec
22:25:20.261 [JavaFX Application Thread] DEBUG FXGLAssetLoaderServi - Loading from file system: jar:file:/home/timtreiber/.m2/repository/com/github/almasb/fxgl/21.1/fxgl-21.1.jar!/fxglassets/textures/fxgl_icon.png
22:25:20.279 [JavaFX Application Thread] DEBUG FXGLAssetLoaderServi - Loading from file system: jar:file:/home/timtreiber/.m2/repository/com/github/almasb/fxgl/21.1/fxgl-21.1.jar!/fxglassets/textures/fxgl_default_cursor.png
22:25:20.286 [JavaFX Application Thread] DEBUG Input                - Registered new binding: Screenshot - CTRL+8
22:25:20.286 [JavaFX Application Thread] DEBUG Input                - Registered new binding: System info dump - CTRL+9
22:25:20.287 [JavaFX Application Thread] DEBUG Input                - Registered new binding: Restart - CTRL+R
22:25:20.287 [JavaFX Application Thread] DEBUG Input                - Registered new binding: Toggle Debug Camera - CTRL+7
22:25:20.289 [JavaFX Application Thread] DEBUG LoopRunner           - Starting loop
22:25:20.289 [JavaFX Application Thread] DEBUG LoopRunner           - Initializing JavaFX AnimationTimerLoop
22:25:20.290 [JavaFX Application Thread] DEBUG GameApplicationServi - Starting new game
22:25:20.290 [JavaFX Application Thread] DEBUG Input                - Clearing active input actions
22:25:20.297 [JavaFX Application Thread] DEBUG GameApplicationServi - Removing overlay from FXGLStartupScene and adding to FXGLLoadingScene
22:25:20.298 [JavaFX Application Thread] DEBUG PrimaryStageWindow   - FXGLStartupScene -> FXGLLoadingScene
22:25:20.298 [JavaFX Application Thread] DEBUG GameApplicationServi - Clearing previous game
22:25:20.298 [JavaFX Application Thread] DEBUG GameScene            - Clearing game scene
22:25:20.298 [JavaFX Application Thread] DEBUG GameWorld            - Clearing game world
22:25:20.298 [JavaFX Application Thread] DEBUG PhysicsWorld         - Clearing physics world
22:25:20.299 [FXGL Background Thread 1 ] DEBUG FXGLApplication      - Initializing game
22:25:20.299 [FXGL Background Thread 1 ] INFO  FXGLApplication      - Game initialization took: 0.001 sec
22:25:20.351 [JavaFX Application Thread] DEBUG Input                - Clearing active input actions
22:25:20.356 [JavaFX Application Thread] DEBUG GameApplicationServi - Removing overlay from FXGLLoadingScene and adding to GameScene
22:25:20.356 [JavaFX Application Thread] DEBUG PrimaryStageWindow   - FXGLLoadingScene -> GameScene
22:25:23.243 [FXGL Background Thread 3 ] DEBUG Engine               - Logging environment variables
22:25:23.243 [FXGL Background Thread 3 ] DEBUG Engine               - achievements: []
22:25:23.244 [FXGL Background Thread 3 ] DEBUG Engine               - actualHeight: 565.0
22:25:23.244 [FXGL Background Thread 3 ] DEBUG Engine               - actualHeightProperty: ReadOnlyDoubleProperty [value: 521.0]
22:25:23.244 [FXGL Background Thread 3 ] DEBUG Engine               - actualWidth: 800.0
22:25:23.244 [FXGL Background Thread 3 ] DEBUG Engine               - actualWidthProperty: ReadOnlyDoubleProperty [value: 876.0]
22:25:23.244 [FXGL Background Thread 3 ] DEBUG Engine               - appIcon: fxgl_icon.png
22:25:23.244 [FXGL Background Thread 3 ] DEBUG Engine               - applicationMode: DEVELOPER
22:25:23.244 [FXGL Background Thread 3 ] DEBUG Engine               - cSSList: [fxgl_dark.css]
22:25:23.244 [FXGL Background Thread 3 ] DEBUG Engine               - collisionDetectionStrategy: BRUTE_FORCE
22:25:23.244 [FXGL Background Thread 3 ] DEBUG Engine               - configClass: Optional.empty
22:25:23.244 [FXGL Background Thread 3 ] DEBUG Engine               - credits: []
22:25:23.244 [FXGL Background Thread 3 ] DEBUG Engine               - defaultCursor: CursorInfo(imageName=fxgl_default_cursor.png, hotspotX=7.0, hotspotY=6.0)
22:25:23.249 [FXGL Background Thread 3 ] DEBUG Engine               - devBBoxColorProperty: ObjectProperty [value: 0xff0000ff]
22:25:23.249 [FXGL Background Thread 3 ] DEBUG Engine               - devEnableDebugCameraProperty: BooleanProperty [value: false]
22:25:23.249 [FXGL Background Thread 3 ] DEBUG Engine               - devSensorColorProperty: ObjectProperty [value: 0xffff00ff]
22:25:23.249 [FXGL Background Thread 3 ] DEBUG Engine               - devShowBBoxProperty: BooleanProperty [value: false]
22:25:23.249 [FXGL Background Thread 3 ] DEBUG Engine               - devShowPositionProperty: BooleanProperty [value: false]
22:25:23.249 [FXGL Background Thread 3 ] DEBUG Engine               - enabledMenuItems: []
22:25:23.249 [FXGL Background Thread 3 ] DEBUG Engine               - engineServices: [class com.almasb.fxgl.app.services.FXGLAssetLoaderService, class com.almasb.fxgl.app.FXGLApplication$GameApplicationService, class com.almasb.fxgl.app.services.FXGLDialogService, class com.almasb.fxgl.app.services.IOTaskExecutorService, class com.almasb.fxgl.io.FileSystemService, class com.almasb.fxgl.localization.LocalizationService, class com.almasb.fxgl.app.services.SystemBundleService, class com.almasb.fxgl.profile.SaveLoadService, class com.almasb.fxgl.ui.FXGLUIFactoryServiceProvider, class com.almasb.fxgl.ui.FXGLDialogFactoryServiceProvider, class com.almasb.fxgl.audio.AudioPlayer, class com.almasb.fxgl.notification.impl.NotificationServiceProvider, class com.almasb.fxgl.achievement.AchievementService, class com.almasb.fxgl.cutscene.CutsceneService, class com.almasb.fxgl.minigames.MiniGameService, class com.almasb.fxgl.net.NetService, class com.almasb.fxgl.app.services.UpdaterService, class com.almasb.fxgl.dev.DevService]
22:25:23.249 [FXGL Background Thread 3 ] DEBUG Engine               - fontGame: Abel-Regular.ttf
22:25:23.249 [FXGL Background Thread 3 ] DEBUG Engine               - fontMono: TerminalLandMono-Regular.otf
22:25:23.249 [FXGL Background Thread 3 ] DEBUG Engine               - fontSizeScaleUI: 1.0
22:25:23.249 [FXGL Background Thread 3 ] DEBUG Engine               - fontText: Courier-Prime.ttf
22:25:23.249 [FXGL Background Thread 3 ] DEBUG Engine               - fontUI: VarelaRound-Regular.ttf
22:25:23.249 [FXGL Background Thread 3 ] DEBUG Engine               - fullScreen: BooleanProperty [value: false]
22:25:23.249 [FXGL Background Thread 3 ] DEBUG Engine               - gameDifficulty: MEDIUM
22:25:23.249 [FXGL Background Thread 3 ] DEBUG Engine               - gameDifficultyProperty: ObjectProperty [value: MEDIUM]
22:25:23.249 [FXGL Background Thread 3 ] DEBUG Engine               - globalMusicVolume: 0.5
22:25:23.249 [FXGL Background Thread 3 ] DEBUG Engine               - globalMusicVolumeProperty: DoubleProperty [value: 0.5]
22:25:23.249 [FXGL Background Thread 3 ] DEBUG Engine               - globalSoundVolume: 0.5
22:25:23.249 [FXGL Background Thread 3 ] DEBUG Engine               - globalSoundVolumeProperty: DoubleProperty [value: 0.5]
22:25:23.249 [FXGL Background Thread 3 ] DEBUG Engine               - height: 600
22:25:23.249 [FXGL Background Thread 3 ] DEBUG Engine               - is3D: false
22:25:23.249 [FXGL Background Thread 3 ] DEBUG Engine               - isAndroid: false
22:25:23.249 [FXGL Background Thread 3 ] DEBUG Engine               - isBrowser: false
22:25:23.249 [FXGL Background Thread 3 ] DEBUG Engine               - isClickFeedbackEnabled: false
22:25:23.249 [FXGL Background Thread 3 ] DEBUG Engine               - isCloseConfirmation: false
22:25:23.249 [FXGL Background Thread 3 ] DEBUG Engine               - isDesktop: true
22:25:23.249 [FXGL Background Thread 3 ] DEBUG Engine               - isDeveloperMenuEnabled: false
22:25:23.249 [FXGL Background Thread 3 ] DEBUG Engine               - isEmbedded: false
22:25:23.249 [FXGL Background Thread 3 ] DEBUG Engine               - isEntityPreloadEnabled: true
22:25:23.249 [FXGL Background Thread 3 ] DEBUG Engine               - isExperimentalTiledLargeMap: false
22:25:23.250 [FXGL Background Thread 3 ] DEBUG Engine               - isFileSystemWriteAllowed: true
22:25:23.250 [FXGL Background Thread 3 ] DEBUG Engine               - isFullScreenAllowed: false
22:25:23.250 [FXGL Background Thread 3 ] DEBUG Engine               - isFullScreenFromStart: false
22:25:23.250 [FXGL Background Thread 3 ] DEBUG Engine               - isGameMenuEnabled: true
22:25:23.250 [FXGL Background Thread 3 ] DEBUG Engine               - isIOS: false
22:25:23.250 [FXGL Background Thread 3 ] DEBUG Engine               - isIntroEnabled: false
22:25:23.250 [FXGL Background Thread 3 ] DEBUG Engine               - isLinux: true
22:25:23.250 [FXGL Background Thread 3 ] DEBUG Engine               - isMac: false
22:25:23.250 [FXGL Background Thread 3 ] DEBUG Engine               - isMainMenuEnabled: false
22:25:23.250 [FXGL Background Thread 3 ] DEBUG Engine               - isManualResizeEnabled: false
22:25:23.250 [FXGL Background Thread 3 ] DEBUG Engine               - isMobile: false
22:25:23.250 [FXGL Background Thread 3 ] DEBUG Engine               - isNative: false
22:25:23.250 [FXGL Background Thread 3 ] DEBUG Engine               - isPauseMusicWhenMinimized: true
22:25:23.250 [FXGL Background Thread 3 ] DEBUG Engine               - isPreserveResizeRatio: false
22:25:23.250 [FXGL Background Thread 3 ] DEBUG Engine               - isProfilingEnabled: false
22:25:23.250 [FXGL Background Thread 3 ] DEBUG Engine               - isScaleAffectedOnResize: true
22:25:23.250 [FXGL Background Thread 3 ] DEBUG Engine               - isSingleStep: false
22:25:23.250 [FXGL Background Thread 3 ] DEBUG Engine               - isUserProfileEnabled: false
22:25:23.250 [FXGL Background Thread 3 ] DEBUG Engine               - isWindows: false
22:25:23.250 [FXGL Background Thread 3 ] DEBUG Engine               - language: ObjectProperty [value: ENGLISH]
22:25:23.250 [FXGL Background Thread 3 ] DEBUG Engine               - menuKey: ESCAPE
22:25:23.250 [FXGL Background Thread 3 ] DEBUG Engine               - mouseSensitivity: 0.2
22:25:23.250 [FXGL Background Thread 3 ] DEBUG Engine               - notificationViewClass: class com.almasb.fxgl.notification.view.XboxNotificationView
22:25:23.250 [FXGL Background Thread 3 ] DEBUG Engine               - pixelsPerMeter: 50.0
22:25:23.250 [FXGL Background Thread 3 ] DEBUG Engine               - platform: LINUX
22:25:23.250 [FXGL Background Thread 3 ] DEBUG Engine               - prefHeightProperty: ReadOnlyDoubleProperty [value: 600.0]
22:25:23.250 [FXGL Background Thread 3 ] DEBUG Engine               - prefWidthProperty: ReadOnlyDoubleProperty [value: 800.0]
22:25:23.250 [FXGL Background Thread 3 ] DEBUG Engine               - profileDir: profiles/
22:25:23.250 [FXGL Background Thread 3 ] DEBUG Engine               - profileName: StringProperty [value: DEFAULT]
22:25:23.250 [FXGL Background Thread 3 ] DEBUG Engine               - randomSeed: -1
22:25:23.250 [FXGL Background Thread 3 ] DEBUG Engine               - runtimeInfo: RuntimeInfo(platform=LINUX, version=21.1, build=27.03.2024 07.52)
22:25:23.250 [FXGL Background Thread 3 ] DEBUG Engine               - saveFileExt: sav
22:25:23.250 [FXGL Background Thread 3 ] DEBUG Engine               - scaledHeightProp$fxgl: DoubleProperty [bound, value: 521.0]
22:25:23.250 [FXGL Background Thread 3 ] DEBUG Engine               - scaledWidthProp$fxgl: DoubleProperty [bound, value: 876.0]
22:25:23.251 [FXGL Background Thread 3 ] DEBUG Engine               - sceneFactory: com.almasb.fxgl.app.scene.SceneFactory@2619c44c
22:25:23.251 [FXGL Background Thread 3 ] DEBUG Engine               - secondsIn24h: 60
22:25:23.251 [FXGL Background Thread 3 ] DEBUG Engine               - soundMenuBack: menu/back.wav
22:25:23.251 [FXGL Background Thread 3 ] DEBUG Engine               - soundMenuPress: menu/press.wav
22:25:23.251 [FXGL Background Thread 3 ] DEBUG Engine               - soundMenuSelect: menu/select.wav
22:25:23.251 [FXGL Background Thread 3 ] DEBUG Engine               - soundNotification: core/notification.wav
22:25:23.251 [FXGL Background Thread 3 ] DEBUG Engine               - stageStyle: DECORATED
22:25:23.251 [FXGL Background Thread 3 ] DEBUG Engine               - supportedLanguages: [ENGLISH, FRENCH, GERMAN, HUNGARIAN, RUSSIAN]
22:25:23.251 [FXGL Background Thread 3 ] DEBUG Engine               - ticksPerSecond: -1
22:25:23.251 [FXGL Background Thread 3 ] DEBUG Engine               - title: Basic Game App
22:25:23.251 [FXGL Background Thread 3 ] DEBUG Engine               - urlGithub: https://github.com/AlmasB/FXGL
22:25:23.251 [FXGL Background Thread 3 ] DEBUG Engine               - urlLeaderboard: http://fxgl-top.herokuapp.com/
22:25:23.251 [FXGL Background Thread 3 ] DEBUG Engine               - urlPOM: https://raw.githubusercontent.com/AlmasB/FXGL/release/README.md
22:25:23.251 [FXGL Background Thread 3 ] DEBUG Engine               - userAppClass: class com.testing.game.SimpleGameApp
22:25:23.251 [FXGL Background Thread 3 ] DEBUG Engine               - version: 0.0
22:25:23.251 [FXGL Background Thread 3 ] DEBUG Engine               - versionCheckDays: 7
22:25:23.251 [FXGL Background Thread 3 ] DEBUG Engine               - width: 800
22:25:23.251 [FXGL Background Thread 3 ] DEBUG Engine               - Logging services
22:25:23.251 [FXGL Background Thread 3 ] DEBUG Engine               - class com.almasb.fxgl.app.services.FXGLAssetLoaderService
22:25:23.251 [FXGL Background Thread 3 ] DEBUG Engine               - class com.almasb.fxgl.app.FXGLApplication$GameApplicationService
22:25:23.251 [FXGL Background Thread 3 ] DEBUG Engine               - class com.almasb.fxgl.app.services.FXGLDialogService
22:25:23.251 [FXGL Background Thread 3 ] DEBUG Engine               - class com.almasb.fxgl.app.services.IOTaskExecutorService
22:25:23.251 [FXGL Background Thread 3 ] DEBUG Engine               - class com.almasb.fxgl.io.FileSystemService
22:25:23.251 [FXGL Background Thread 3 ] DEBUG Engine               - class com.almasb.fxgl.localization.LocalizationService
22:25:23.251 [FXGL Background Thread 3 ] DEBUG Engine               - class com.almasb.fxgl.app.services.SystemBundleService
22:25:23.251 [FXGL Background Thread 3 ] DEBUG Engine               - class com.almasb.fxgl.profile.SaveLoadService
22:25:23.251 [FXGL Background Thread 3 ] DEBUG Engine               - class com.almasb.fxgl.ui.FXGLUIFactoryServiceProvider
22:25:23.251 [FXGL Background Thread 3 ] DEBUG Engine               - class com.almasb.fxgl.ui.FXGLDialogFactoryServiceProvider
22:25:23.251 [FXGL Background Thread 3 ] DEBUG Engine               - class com.almasb.fxgl.audio.AudioPlayer
22:25:23.251 [FXGL Background Thread 3 ] DEBUG Engine               - class com.almasb.fxgl.notification.impl.NotificationServiceProvider
22:25:23.251 [FXGL Background Thread 3 ] DEBUG Engine               - class com.almasb.fxgl.achievement.AchievementService
22:25:23.251 [FXGL Background Thread 3 ] DEBUG Engine               - class com.almasb.fxgl.cutscene.CutsceneService
22:25:23.251 [FXGL Background Thread 3 ] DEBUG Engine               - class com.almasb.fxgl.minigames.MiniGameService
22:25:23.251 [FXGL Background Thread 3 ] DEBUG Engine               - class com.almasb.fxgl.net.NetService
22:25:23.251 [FXGL Background Thread 3 ] DEBUG Engine               - class com.almasb.fxgl.app.services.UpdaterService
22:25:23.251 [FXGL Background Thread 3 ] DEBUG Engine               - class com.almasb.fxgl.dev.DevService
22:25:28.875 [JavaFX Application Thread] DEBUG FXGLApplication      - Exiting FXGL
22:25:28.875 [JavaFX Application Thread] DEBUG LoopRunner           - Stopping loop
22:25:28.875 [JavaFX Application Thread] DEBUG SystemBundleService  - Saving FXGL system data
22:25:28.877 [JavaFX Application Thread] DEBUG FileSystemAccess     - Writing to: /home/timtreiber/GitHub/introductionfxgl/system/fxgl.bundle
22:25:28.879 [JavaFX Application Thread] DEBUG Async                - Shutting down background threads
22:25:28.879 [JavaFX Application Thread] DEBUG PrimaryStageWindow   - Closing main window
22:25:28.883 [JavaFX Application Thread] DEBUG Logger               - Closing Logger
